<?xml version="1.0" encoding="UTF-8"?>
<!-- Generated by org.testng.reporters.JUnitReportReporter -->
<testsuite hostname="hussain-ThinkPad-L480" failures="0" tests="1" name="monoprice_demo.TestDemo" time="0.007" errors="0" timestamp="2019-11-22T14:10:59 IST" skipped="0">
  <testcase classname="monoprice_demo.TestDemo" name="Test" time="0.007"/>
</testsuite> <!-- monoprice_demo.TestDemo -->
